# JRE version: Java(TM) SE Runtime Environment (22.0.1+8) (build 22.0.1+8-16)
# Java VM: Java HotSpot(TM) 64-Bit Server VM (22.0.1+8-16, mixed mode, sharing, tiered, compressed class ptrs, g1 gc, windows-amd64)
GC Precious Log:
 CardTable entry size: 512
 Card Set container configuration: InlinePtr #cards 3 size 8 Array Of Cards #cards 256 size 528 Howl #buckets 8 coarsen threshold 58982 Howl Bitmap #cards 8192 size 1040 coarsen threshold 7372 Card regions per heap region 1 cards per card region 65536
 CPUs: 8 total, 8 available
 Memory: 7939M
 Large Page Support: Disabled
 NUMA Support: Disabled
 Compressed Oops: Disabled
 Heap Region Size: 32M
 Heap Min Capacity: 32M
 Heap Initial Capacity: 128M
 Heap Max Capacity: 64G
 Pre-touch: Disabled
 Parallel Workers: 8
 Concurrent Workers: 2
 Concurrent Refinement Workers: 8
 Periodic GC: Disabled
Heap:
 garbage-first heap   total reserved 67108864K, committed 13664256K, used 550692K [0x0000013276000000, 0x0000014276000000)
  region size 32768K, 2 young (65536K), 2 survivors (65536K)
 Metaspace       used 46081K, committed 46976K, reserved 1114112K
  class space    used 5240K, committed 5696K, reserved 1048576K
GC Heap History (20 events):
Event: 4884.882 GC heap after
{Heap after GC invocations=172 (full 0):
 garbage-first heap   total reserved 67108864K, committed 6389760K, used 514008K [0x0000013276000000, 0x0000014276000000)
  region size 32768K, 3 young (98304K), 3 survivors (98304K)
 Metaspace       used 45965K, committed 46848K, reserved 1114112K
  class space    used 5238K, committed 5696K, reserved 1048576K
}
Event: 5723.343 GC heap before
{Heap before GC invocations=172 (full 0):
 garbage-first heap   total reserved 67108864K, committed 6389760K, used 5822424K [0x0000013276000000, 0x0000014276000000)
  region size 32768K, 117 young (3833856K), 3 survivors (98304K)
 Metaspace       used 46061K, committed 46976K, reserved 1114112K
  class space    used 5239K, committed 5696K, reserved 1048576K
}
Event: 5725.640 GC heap after
{Heap after GC invocations=173 (full 0):
 garbage-first heap   total reserved 67108864K, committed 6389760K, used 536753K [0x0000013276000000, 0x0000014276000000)
  region size 32768K, 4 young (131072K), 4 survivors (131072K)
 Metaspace       used 46061K, committed 46976K, reserved 1114112K
  class space    used 5239K, committed 5696K, reserved 1048576K
}
Event: 5727.102 GC heap before
{Heap before GC invocations=173 (full 0):
 garbage-first heap   total reserved 67108864K, committed 6389760K, used 700593K [0x0000013276000000, 0x0000014276000000)
  region size 32768K, 9 young (294912K), 4 survivors (131072K)
 Metaspace       used 46061K, committed 46976K, reserved 1114112K
  class space    used 5239K, committed 5696K, reserved 1048576K
}
Event: 5728.037 GC heap after
{Heap after GC invocations=174 (full 0):
 garbage-first heap   total reserved 67108864K, committed 6389760K, used 547585K [0x0000013276000000, 0x0000014276000000)
  region size 32768K, 1 young (32768K), 1 survivors (32768K)
 Metaspace       used 46061K, committed 46976K, reserved 1114112K
  class space    used 5239K, committed 5696K, reserved 1048576K
}
Event: 5728.990 GC heap before
{Heap before GC invocations=174 (full 0):
 garbage-first heap   total reserved 67108864K, committed 6389760K, used 809729K [0x0000013276000000, 0x0000014276000000)
  region size 32768K, 9 young (294912K), 1 survivors (32768K)
 Metaspace       used 46061K, committed 46976K, reserved 1114112K
  class space    used 5239K, committed 5696K, reserved 1048576K
}
Event: 5729.110 GC heap after
{Heap after GC invocations=175 (full 0):
 garbage-first heap   total reserved 67108864K, committed 6389760K, used 546937K [0x0000013276000000, 0x0000014276000000)
  region size 32768K, 1 young (32768K), 1 survivors (32768K)
 Metaspace       used 46061K, committed 46976K, reserved 1114112K
  class space    used 5239K, committed 5696K, reserved 1048576K
}
Event: 5729.716 GC heap before
{Heap before GC invocations=175 (full 0):
 garbage-first heap   total reserved 67108864K, committed 6389760K, used 809081K [0x0000013276000000, 0x0000014276000000)
  region size 32768K, 9 young (294912K), 1 survivors (32768K)
 Metaspace       used 46061K, committed 46976K, reserved 1114112K
  class space    used 5239K, committed 5696K, reserved 1048576K
}
Event: 5729.739 GC heap after
{Heap after GC invocations=176 (full 0):
 garbage-first heap   total reserved 67108864K, committed 6389760K, used 544777K [0x0000013276000000, 0x0000014276000000)
  region size 32768K, 1 young (32768K), 1 survivors (32768K)
 Metaspace       used 46061K, committed 46976K, reserved 1114112K
  class space    used 5239K, committed 5696K, reserved 1048576K
}
Event: 5730.001 GC heap before
{Heap before GC invocations=176 (full 0):
 garbage-first heap   total reserved 67108864K, committed 6389760K, used 806921K [0x0000013276000000, 0x0000014276000000)
  region size 32768K, 9 young (294912K), 1 survivors (32768K)
 Metaspace       used 46061K, committed 46976K, reserved 1114112K
  class space    used 5239K, committed 5696K, reserved 1048576K
}
Event: 5730.021 GC heap after
{Heap after GC invocations=177 (full 0):
 garbage-first heap   total reserved 67108864K, committed 6389760K, used 546242K [0x0000013276000000, 0x0000014276000000)
  region size 32768K, 1 young (32768K), 1 survivors (32768K)
 Metaspace       used 46061K, committed 46976K, reserved 1114112K
  class space    used 5239K, committed 5696K, reserved 1048576K
}
Event: 5730.242 GC heap before
{Heap before GC invocations=177 (full 0):
 garbage-first heap   total reserved 67108864K, committed 6389760K, used 808386K [0x0000013276000000, 0x0000014276000000)
  region size 32768K, 9 young (294912K), 1 survivors (32768K)
 Metaspace       used 46061K, committed 46976K, reserved 1114112K
  class space    used 5239K, committed 5696K, reserved 1048576K
}
Event: 5730.812 GC heap after
{Heap after GC invocations=178 (full 0):
 garbage-first heap   total reserved 67108864K, committed 13664256K, used 547585K [0x0000013276000000, 0x0000014276000000)
  region size 32768K, 1 young (32768K), 1 survivors (32768K)
 Metaspace       used 46061K, committed 46976K, reserved 1114112K
  class space    used 5239K, committed 5696K, reserved 1048576K
}
Event: 5734.206 GC heap before
{Heap before GC invocations=178 (full 0):
 garbage-first heap   total reserved 67108864K, committed 13664256K, used 1137409K [0x0000013276000000, 0x0000014276000000)
  region size 32768K, 20 young (655360K), 1 survivors (32768K)
 Metaspace       used 46075K, committed 46976K, reserved 1114112K
  class space    used 5240K, committed 5696K, reserved 1048576K
}
Event: 5734.523 GC heap after
{Heap after GC invocations=179 (full 0):
 garbage-first heap   total reserved 67108864K, committed 13664256K, used 548298K [0x0000013276000000, 0x0000014276000000)
  region size 32768K, 2 young (65536K), 2 survivors (65536K)
 Metaspace       used 46075K, committed 46976K, reserved 1114112K
  class space    used 5240K, committed 5696K, reserved 1048576K
}
Event: 5735.295 GC heap before
{Heap before GC invocations=179 (full 0):
 garbage-first heap   total reserved 67108864K, committed 13664256K, used 1138122K [0x0000013276000000, 0x0000014276000000)
  region size 32768K, 20 young (655360K), 2 survivors (65536K)
 Metaspace       used 46075K, committed 46976K, reserved 1114112K
  class space    used 5240K, committed 5696K, reserved 1048576K
}
Event: 5735.327 GC heap after
{Heap after GC invocations=180 (full 0):
 garbage-first heap   total reserved 67108864K, committed 13664256K, used 549792K [0x0000013276000000, 0x0000014276000000)
  region size 32768K, 2 young (65536K), 2 survivors (65536K)
 Metaspace       used 46075K, committed 46976K, reserved 1114112K
  class space    used 5240K, committed 5696K, reserved 1048576K
}
Event: 5736.253 GC heap before
{Heap before GC invocations=180 (full 0):
 garbage-first heap   total reserved 67108864K, committed 13664256K, used 1139616K [0x0000013276000000, 0x0000014276000000)
  region size 32768K, 20 young (655360K), 2 survivors (65536K)
 Metaspace       used 46078K, committed 46976K, reserved 1114112K
  class space    used 5240K, committed 5696K, reserved 1048576K
}
Event: 5736.307 GC heap after
{Heap after GC invocations=181 (full 0):
 garbage-first heap   total reserved 67108864K, committed 13664256K, used 550612K [0x0000013276000000, 0x0000014276000000)
  region size 32768K, 2 young (65536K), 2 survivors (65536K)
 Metaspace       used 46078K, committed 46976K, reserved 1114112K
  class space    used 5240K, committed 5696K, reserved 1048576K
}
Event: 5738.062 GC heap before
{Heap before GC invocations=181 (full 0):
 garbage-first heap   total reserved 67108864K, committed 13664256K, used 1107668K [0x0000013276000000, 0x0000014276000000)
  region size 32768K, 20 young (655360K), 2 survivors (65536K)
 Metaspace       used 46081K, committed 46976K, reserved 1114112K
  class space    used 5240K, committed 5696K, reserved 1048576K
}

